-- Processing directory E:\BF2_ModTools\data_BSM\Animations\SoldierAnimationBank\human_2
	Processing file basepose.msh, will save in .\\\human_2.zaf
*** WARNING: Skin model segment 0 has too many/few vert colors?
*** WARNING: Skin model segment 0 has too many/few vert colors?
*** WARNING: Skin model segment 0 has too many/few vert weights?
*** WARNING: Skin model segment 0 has too many/few UVs?
*** WARNING: Skin model segment 0 has too many/few vert colors?
*** WARNING: Skin model segment 0 has too many/few vert weights?
*** WARNING: Skin model segment 0 has too many/few vert colors?
*** WARNING: Skin model segment 0 has too many/few vert weights?
*** WARNING: Skin model segment 0 has too many/few UVs?
*** WARNING: Skin model segment 0 has too many/few vert colors?
*** WARNING: Skin model segment 0 has too many/few vert weights?
*** WARNING: Skin model segment 0 has too many/few vert colors?
*** WARNING: Skin model segment 0 has too many/few vert weights?
*** WARNING: Skin model segment 0 has too many/few vert colors?
.*** WARNING: Animation <human_bazooka_crouchalert_idle_emote> has a framerate <29.970030> that isn't 30fps.  Framerate correction code has not been done yet
.*** WARNING: Animation <human_bazooka_crouchalert_walkbackward> has a framerate <29.970030> that isn't 30fps.  Framerate correction code has not been done yet
.*** WARNING: Animation <human_bazooka_crouchalert_walkforward> has a framerate <29.970030> that isn't 30fps.  Framerate correction code has not been done yet
.*** WARNING: Animation <human_bazooka_crouch_idle_emote> has a framerate <29.970030> that isn't 30fps.  Framerate correction code has not been done yet
.*** WARNING: Animation <human_bazooka_crouch_reload> has a framerate <29.970030> that isn't 30fps.  Framerate correction code has not been done yet
.*** WARNING: Animation <human_bazooka_crouch_shoot> has a framerate <29.970030> that isn't 30fps.  Framerate correction code has not been done yet
.*** WARNING: Animation <human_bazooka_crouch_walkbackward> has a framerate <29.970030> that isn't 30fps.  Framerate correction code has not been done yet
.*** WARNING: Animation <human_bazooka_crouch_walkforward> has a framerate <29.970030> that isn't 30fps.  Framerate correction code has not been done yet
.*** WARNING: Animation <human_bazooka_fall> has a framerate <29.970030> that isn't 30fps.  Framerate correction code has not been done yet
.*** WARNING: Animation <human_bazooka_jump> has a framerate <29.970030> that isn't 30fps.  Framerate correction code has not been done yet
.*** WARNING: Animation <human_bazooka_landhard> has a framerate <29.970030> that isn't 30fps.  Framerate correction code has not been done yet
.*** WARNING: Animation <human_bazooka_landsoft> has a framerate <29.970030> that isn't 30fps.  Framerate correction code has not been done yet
.*** WARNING: Animation <human_bazooka_sprint> has a framerate <29.970030> that isn't 30fps.  Framerate correction code has not been done yet
.*** WARNING: Animation <human_bazooka_standalert_idle_emote> has a framerate <29.970030> that isn't 30fps.  Framerate correction code has not been done yet
.*** WARNING: Animation <human_bazooka_standalert_runbackward> has a framerate <29.970030> that isn't 30fps.  Framerate correction code has not been done yet
.*** WARNING: Animation <human_bazooka_standalert_runforward> has a framerate <29.970030> that isn't 30fps.  Framerate correction code has not been done yet
.*** WARNING: Animation <human_bazooka_standalert_walkforward> has a framerate <29.970030> that isn't 30fps.  Framerate correction code has not been done yet
.*** WARNING: Animation <human_bazooka_stand_diveroll_forward> has a framerate <29.970030> that isn't 30fps.  Framerate correction code has not been done yet
.*** WARNING: Animation <human_bazooka_stand_idle_checkweapon_full> has a framerate <29.970030> that isn't 30fps.  Framerate correction code has not been done yet
.*** WARNING: Animation <human_bazooka_stand_idle_emote> has a framerate <29.970030> that isn't 30fps.  Framerate correction code has not been done yet
.*** WARNING: Animation <human_bazooka_stand_idle_lookaround> has a framerate <29.970030> that isn't 30fps.  Framerate correction code has not been done yet
.*** WARNING: Animation <human_bazooka_stand_reload_full> has a framerate <29.970030> that isn't 30fps.  Framerate correction code has not been done yet
.*** WARNING: Animation <human_bazooka_stand_runbackward> has a framerate <29.970030> that isn't 30fps.  Framerate correction code has not been done yet
.*** WARNING: Animation <human_bazooka_stand_runforward> has a framerate <29.970030> that isn't 30fps.  Framerate correction code has not been done yet
.*** WARNING: Animation <human_bazooka_stand_shoot_full> has a framerate <29.970030> that isn't 30fps.  Framerate correction code has not been done yet
.*** WARNING: Animation <human_bazooka_stand_shoot_secondary> has a framerate <29.970030> that isn't 30fps.  Framerate correction code has not been done yet
.*** WARNING: Animation <human_bazooka_stand_shoot_secondary2> has a framerate <29.970030> that isn't 30fps.  Framerate correction code has not been done yet
.*** WARNING: Animation <human_bazooka_stand_walkforward> has a framerate <29.970030> that isn't 30fps.  Framerate correction code has not been done yet

